AOT/app/build/outputs/logs/manifest-merger-debug-report.txt
-- Merging decision tree log ---
manifest
ADDED from src/main/AndroidManifest.xml:18:1-59:12
INJECTED from src/main/AndroidManifest.xml:18:1-59:12
MERGED from [de.hdodenhof:circleimageview:2.2.0] AndroidManifest.xml:2:1-11:12
MERGED from [com.google.android.things.contrib:driver-button:0.3] AndroidManifest.xml:17:1-30:12
MERGED from [org.tensorflow:tensorflow-android:1.2.0] AndroidManifest.xml:2:1-8:12
INJECTED from src/main/AndroidManifest.xml:18:1-59:12
	package
		ADDED from src/main/AndroidManifest.xml:20:5-56
		INJECTED from src/main/AndroidManifest.xml
		INJECTED from src/main/AndroidManifest.xml
	xmlns:tools
		ADDED from src/main/AndroidManifest.xml:19:5-51
	xmlns:android
		ADDED from src/main/AndroidManifest.xml:18:11-69
uses-permission#android.permission.CAMERA
ADDED from src/main/AndroidManifest.xml:22:5-65
	android:name
		ADDED from src/main/AndroidManifest.xml:22:22-62
uses-permission#android.permission.WRITE_EXTERNAL_STORAGE
ADDED from src/main/AndroidManifest.xml:23:5-80
	android:name
		ADDED from src/main/AndroidManifest.xml:23:22-78
uses-feature#android.hardware.camera
ADDED from src/main/AndroidManifest.xml:25:5-60
	android:name
		ADDED from src/main/AndroidManifest.xml:25:19-57
uses-feature#android.hardware.camera.autofocus
ADDED from src/main/AndroidManifest.xml:26:5-70
	android:name
		ADDED from src/main/AndroidManifest.xml:26:19-67
uses-permission#com.google.android.things.permission.MANAGE_INPUT_DRIVERS
ADDED from src/main/AndroidManifest.xml:27:5-97
	android:name
		ADDED from src/main/AndroidManifest.xml:27:22-94
application
ADDED from src/main/AndroidManifest.xml:30:5-57:19
MERGED from [de.hdodenhof:circleimageview:2.2.0] AndroidManifest.xml:9:5-20
MERGED from [de.hdodenhof:circleimageview:2.2.0] AndroidManifest.xml:9:5-20
MERGED from [com.google.android.things.contrib:driver-button:0.3] AndroidManifest.xml:26:5-28:19
MERGED from [com.google.android.things.contrib:driver-button:0.3] AndroidManifest.xml:26:5-28:19
MERGED from [org.tensorflow:tensorflow-android:1.2.0] AndroidManifest.xml:5:5-6:19
MERGED from [org.tensorflow:tensorflow-android:1.2.0] AndroidManifest.xml:5:5-6:19
	android:label
		ADDED from src/main/AndroidManifest.xml:31:9-41
	android:icon
		ADDED from src/main/AndroidManifest.xml:32:9-58
	android:allowBackup
		ADDED from src/main/AndroidManifest.xml:30:18-44
	android:theme
		ADDED from src/main/AndroidManifest.xml:33:9-67
activity#com.example.androidthings.imageclassifier.ImageClassifierActivity
ADDED from src/main/AndroidManifest.xml:35:9-49:20
	android:screenOrientation
		ADDED from src/main/AndroidManifest.xml:36:19-56
	android:label
		ADDED from src/main/AndroidManifest.xml:37:19-51
	android:name
		ADDED from src/main/AndroidManifest.xml:35:19-58
intent-filter#android.intent.action.MAIN+android.intent.category.LAUNCHER
ADDED from src/main/AndroidManifest.xml:38:13-41:29
action#android.intent.action.MAIN
ADDED from src/main/AndroidManifest.xml:39:17-69
	android:name
		ADDED from src/main/AndroidManifest.xml:39:25-66
category#android.intent.category.LAUNCHER
ADDED from src/main/AndroidManifest.xml:40:17-77
	android:name
		ADDED from src/main/AndroidManifest.xml:40:27-74
intent-filter#android.intent.action.MAIN+android.intent.category.DEFAULT+android.intent.category.IOT_LAUNCHER
ADDED from src/main/AndroidManifest.xml:44:13-48:29
category#android.intent.category.IOT_LAUNCHER
ADDED from src/main/AndroidManifest.xml:46:17-80
	android:name
		ADDED from src/main/AndroidManifest.xml:46:27-78
category#android.intent.category.DEFAULT
ADDED from src/main/AndroidManifest.xml:47:17-75
	android:name
		ADDED from src/main/AndroidManifest.xml:47:27-73
uses-library#com.google.android.things
ADDED from src/main/AndroidManifest.xml:54:9-56:48
MERGED from [com.google.android.things.contrib:driver-button:0.3] AndroidManifest.xml:27:9-66
MERGED from [com.google.android.things.contrib:driver-button:0.3] AndroidManifest.xml:27:9-66
	android:required
		ADDED from src/main/AndroidManifest.xml:55:13-37
		REJECTED from [com.google.android.things.contrib:driver-button:0.3] AndroidManifest.xml:27:9-66
	tools:replace
		ADDED from src/main/AndroidManifest.xml:56:13-45
	android:name
		ADDED from src/main/AndroidManifest.xml:54:23-63
uses-sdk
INJECTED from src/main/AndroidManifest.xml reason: use-sdk injection requested
INJECTED from src/main/AndroidManifest.xml
INJECTED from src/main/AndroidManifest.xml
MERGED from [de.hdodenhof:circleimageview:2.2.0] AndroidManifest.xml:5:5-7:41
MERGED from [de.hdodenhof:circleimageview:2.2.0] AndroidManifest.xml:5:5-7:41
MERGED from [com.google.android.things.contrib:driver-button:0.3] AndroidManifest.xml:22:5-24:41
MERGED from [com.google.android.things.contrib:driver-button:0.3] AndroidManifest.xml:22:5-24:41
INJECTED from src/main/AndroidManifest.xml
INJECTED from src/main/AndroidManifest.xml
	android:targetSdkVersion
		INJECTED from src/main/AndroidManifest.xml
		ADDED from src/main/AndroidManifest.xml
		INJECTED from src/main/AndroidManifest.xml
	android:minSdkVersion
		INJECTED from src/main/AndroidManifest.xml
		ADDED from src/main/AndroidManifest.xml
		INJECTED from src/main/AndroidManifest.xml
uses-permission#android.permission.READ_PHONE_STATE
IMPLIED from src/main/AndroidManifest.xml:18:1-59:12 reason: tensorflow.contrib.android has a targetSdkVersion < 4
uses-permission#android.permission.READ_EXTERNAL_STORAGE
IMPLIED from src/main/AndroidManifest.xml:18:1-59:12 reason: tensorflow.contrib.android requested WRITE_EXTERNAL_STORAGE